============================= test session starts ==============================
platform linux -- Python 3.12.12, pytest-9.1.1, pluggy-1.6.0 -- /home/admin02/Code/WorkSpace/makemore-tutorial/.venv/bin/python
cachedir: .pytest_cache
rootdir: /home/admin02/Code/WorkSpace/makemore-tutorial-review/students/S2_hands/work/assignment_17
plugins: anyio-4.14.2
collecting ... collected 4 items

test_agentic_exercises.py::test_ex1_mask PASSED                          [ 25%]
test_agentic_exercises.py::test_ex2_traj_grpo PASSED                     [ 50%]
test_agentic_exercises.py::test_ex3_parse PASSED                         [ 75%]
test_agentic_exercises.py::test_ex4_echo PASSED                          [100%]

============================== 4 passed in 0.00s ===============================
