============================= test session starts ==============================
platform linux -- Python 3.12.12, pytest-9.1.1, pluggy-1.6.0 -- /home/admin02/Code/WorkSpace/makemore-tutorial/.venv/bin/python
cachedir: .pytest_cache
rootdir: /home/admin02/Code/WorkSpace/makemore-tutorial-review/students/S2_hands/work/assignment_19
plugins: anyio-4.14.2
collecting ... collected 5 items

test_agent_exercises.py::test_ex1_tool_spec PASSED                       [ 20%]
test_agent_exercises.py::test_ex2_parse_tool_calls PASSED                [ 40%]
test_agent_exercises.py::test_ex3_should_stop PASSED                     [ 60%]
test_agent_exercises.py::test_ex4_pass_at_1 PASSED                       [ 80%]
test_agent_exercises.py::test_ex5_mini_mcp_call PASSED                   [100%]

============================== 5 passed in 0.00s ===============================
