============================= test session starts ==============================
platform linux -- Python 3.12.12, pytest-9.1.1, pluggy-1.6.0 -- /home/admin02/Code/WorkSpace/makemore-tutorial/.venv/bin/python
cachedir: .pytest_cache
rootdir: /home/admin02/Code/WorkSpace/makemore-tutorial-review/students/S2_hands/work/assignment_5
plugins: anyio-4.14.2
collecting ... collected 5 items

test_wavenet_exercises.py::test_flatten_consecutive PASSED               [ 20%]
test_wavenet_exercises.py::test_batchnorm_3d PASSED                      [ 40%]
test_wavenet_exercises.py::test_build_wavenet PASSED                     [ 60%]
test_wavenet_exercises.py::test_verify_shapes PASSED                     [ 80%]
test_wavenet_exercises.py::test_train_wavenet PASSED                     [100%]

========================= 5 passed in 60.15s (0:01:00) =========================
PYTEST_EXIT=0
